TN:
SF:lib/ui/chat/chat_viewmodel.dart
FNF:0
FNH:0
DA:23,0
DA:24,0
DA:25,0
DA:26,0
DA:27,0
DA:28,0
DA:31,0
DA:32,0
DA:33,0
DA:34,0
DA:35,0
DA:42,0
DA:43,0
DA:44,0
DA:47,0
DA:49,0
DA:50,0
DA:56,0
DA:57,0
DA:58,0
DA:59,0
DA:60,0
DA:61,0
DA:62,0
DA:67,0
DA:68,0
DA:69,0
DA:70,0
DA:71,0
DA:72,0
DA:73,0
DA:79,1
DA:98,0
DA:153,0
DA:158,0
DA:159,0
DA:160,0
DA:161,0
DA:162,0
DA:168,0
DA:170,0
DA:172,0
DA:174,0
DA:176,0
DA:177,0
DA:179,0
DA:181,0
DA:182,0
DA:190,0
DA:193,0
DA:194,0
DA:195,0
DA:196,0
DA:198,0
DA:201,0
DA:204,0
DA:205,0
DA:206,0
DA:207,0
DA:212,0
DA:213,0
DA:215,0
DA:216,0
DA:219,0
DA:220,0
DA:221,0
DA:223,0
DA:226,0
DA:232,0
DA:234,0
DA:235,0
DA:238,0
DA:239,0
DA:243,0
DA:245,0
DA:246,0
DA:251,0
DA:252,0
DA:254,0
DA:255,0
DA:256,0
DA:269,0
DA:270,0
DA:274,0
DA:275,0
DA:279,0
DA:280,0
DA:282,0
DA:284,0
DA:285,0
DA:286,0
DA:287,0
DA:288,0
DA:289,0
DA:294,0
DA:299,0
DA:306,0
DA:307,0
DA:309,0
DA:310,0
DA:312,0
DA:313,0
DA:316,0
DA:319,0
DA:320,0
DA:321,0
DA:323,0
DA:324,0
DA:325,0
DA:326,0
DA:327,0
DA:329,0
DA:330,0
DA:331,0
DA:332,0
DA:333,0
DA:334,0
DA:335,0
DA:338,0
DA:341,0
DA:342,0
DA:343,0
DA:344,0
DA:350,0
DA:351,0
DA:352,0
DA:354,0
DA:360,0
DA:363,0
DA:364,0
DA:365,0
DA:368,0
DA:369,0
DA:370,0
DA:373,0
DA:375,0
DA:376,0
DA:377,0
DA:378,0
DA:379,0
DA:382,0
DA:383,0
DA:385,0
DA:387,0
DA:390,0
DA:394,0
DA:395,0
DA:398,0
DA:399,0
DA:400,0
DA:408,0
DA:410,0
DA:411,0
DA:414,0
DA:415,0
DA:416,0
DA:417,0
DA:423,0
DA:424,0
DA:428,0
DA:430,0
DA:431,0
DA:433,0
DA:434,0
DA:435,0
DA:436,0
DA:440,0
DA:441,0
LF:168
LH:1
end_of_record
TN:
SF:lib/ui/root/root_viewmodel.dart
FNF:0
FNH:0
DA:27,0
DA:30,0
DA:31,0
DA:34,0
DA:35,0
DA:37,0
DA:38,0
DA:40,0
DA:41,0
DA:43,0
DA:46,0
DA:47,0
DA:48,0
DA:49,0
DA:51,0
DA:54,0
DA:55,0
DA:58,0
DA:60,0
DA:61,0
DA:62,0
LF:21
LH:0
end_of_record
TN:
SF:lib/ui/tab/history/chat_history_viewmodel.dart
FNF:0
FNH:0
DA:16,0
DA:43,0
DA:45,0
DA:46,0
DA:51,0
DA:52,0
DA:53,0
DA:54,0
DA:57,0
DA:58,0
DA:59,0
DA:60,0
DA:61,0
DA:64,0
DA:65,0
DA:70,0
DA:71,0
DA:73,0
DA:74,0
DA:77,0
DA:78,0
DA:79,0
DA:84,0
DA:86,0
DA:87,0
DA:92,0
DA:93,0
DA:94,0
DA:97,0
DA:99,0
DA:100,0
DA:102,0
DA:105,0
DA:107,0
LF:34
LH:0
end_of_record
TN:
SF:lib/ui/tab/home/home_viewmodel.dart
FNF:0
FNH:0
DA:18,2
DA:52,0
DA:55,0
DA:56,0
DA:59,0
DA:60,0
DA:61,0
DA:63,0
DA:66,0
DA:67,0
DA:70,0
DA:71,0
DA:72,0
DA:73,0
DA:75,0
DA:78,0
DA:84,0
DA:85,0
DA:86,0
DA:87,0
DA:88,0
DA:89,0
DA:90,0
DA:91,0
DA:92,0
DA:93,0
DA:94,0
DA:97,0
DA:98,0
DA:99,0
DA:100,0
DA:102,0
DA:112,0
DA:113,0
DA:114,0
DA:116,0
DA:120,0
DA:123,0
DA:124,0
DA:125,0
DA:131,0
DA:134,0
DA:136,0
DA:137,0
DA:143,0
DA:144,0
DA:145,0
DA:146,0
DA:149,0
DA:151,0
DA:157,0
DA:159,0
DA:162,0
DA:164,0
DA:165,0
DA:167,0
DA:173,0
DA:174,0
DA:175,0
DA:179,0
DA:180,0
DA:183,0
DA:184,0
DA:187,0
DA:189,0
DA:190,0
DA:191,0
LF:67
LH:1
end_of_record
TN:
SF:lib/ui/tab/setting/setting_viewmodel.dart
FNF:0
FNH:0
DA:22,1
DA:50,1
DA:56,1
DA:57,1
DA:60,1
DA:61,2
DA:62,1
DA:63,3
DA:67,5
DA:72,2
DA:73,2
DA:74,1
DA:75,1
DA:76,3
DA:77,1
DA:78,1
DA:79,1
DA:80,1
DA:81,1
DA:82,3
DA:89,2
DA:91,3
DA:92,1
DA:93,1
DA:94,0
DA:98,4
DA:100,1
DA:101,4
DA:103,2
DA:106,1
DA:107,2
DA:108,4
DA:111,1
DA:113,1
DA:114,2
DA:116,0
DA:117,0
DA:122,1
DA:123,1
DA:124,2
DA:127,1
DA:128,2
DA:131,0
DA:133,0
DA:134,0
DA:135,0
DA:139,0
DA:140,0
DA:142,0
DA:145,1
DA:147,2
DA:148,1
LF:52
LH:42
end_of_record
